<?xml version="1.0" encoding="UTF-8"?>
<!-- Generated by org.testng.reporters.JUnitXMLReporter -->
<testsuite hostname="Girishs-MacBook-Pro.local" ignored="1" name="AuomationTest" tests="2" failures="0" timestamp="2021-10-01T10:48:30 IST" time="11.864" errors="0">
  <testcase name="Test3" time="5.472" classname="Group_Test_Case.Group_Test_Runner"/>
  <testcase name="Test2" time="6.353" classname="Group_Test_Case.Group_Test_Runner"/>
  <testcase name="Test1" time="0.0" classname="Group_Test_Case.Group_Test_Runner">
    <ignored/>
  </testcase> <!-- Test1 -->
</testsuite> <!-- AuomationTest -->
