<?xml version="1.0" encoding="UTF-8"?>
<!-- Generated by org.testng.reporters.JUnitXMLReporter -->
<testsuite hostname="Girishs-MacBook-Pro.local" ignored="0" name="Auomation Test" tests="3" failures="3" timestamp="2021-10-01T10:31:29 IST" time="0.051" errors="0">
  <testcase name="Create_Deposit_Accounts_Test_Runner" time="0.012" classname="Test_Runner.Create_Depsit_Accounts_Test">
    <failure type="java.lang.NullPointerException">
      <![CDATA[java.lang.NullPointerException
at Create_Dpst_Acnt.Create_Deposit_Accounts.Create_New_Deposit_Account(Create_Deposit_Accounts.java:21)
at Test_Runner.Create_Depsit_Accounts_Test.Create_Deposit_Accounts_Test_Runner(Create_Depsit_Accounts_Test.java:28)
at java.util.ArrayList.forEach(ArrayList.java:1259)
... Removed 27 stack frames]]>
    </failure>
  </testcase> <!-- Create_Deposit_Accounts_Test_Runner -->
  <testcase name="Create_Deposit_Accounts_Test_Runner1" time="0.002" classname="Test_Runner.Create_Depsit_Accounts_Test">
    <failure type="java.lang.NullPointerException">
      <![CDATA[java.lang.NullPointerException
at Create_Dpst_Acnt.Create_Deposit_Accounts.Create_New_Deposit_Account(Create_Deposit_Accounts.java:21)
at Test_Runner.Create_Depsit_Accounts_Test.Create_Deposit_Accounts_Test_Runner1(Create_Depsit_Accounts_Test.java:34)
at java.util.ArrayList.forEach(ArrayList.java:1259)
... Removed 27 stack frames]]>
    </failure>
  </testcase> <!-- Create_Deposit_Accounts_Test_Runner1 -->
  <testcase name="Create_Deposit_Accounts_Test_Runner3" time="0.001" classname="Test_Runner.Create_Depsit_Accounts_Test">
    <failure type="java.lang.NullPointerException">
      <![CDATA[java.lang.NullPointerException
at Create_Dpst_Acnt.Create_Deposit_Accounts.Create_New_Deposit_Account(Create_Deposit_Accounts.java:21)
at Test_Runner.Create_Depsit_Accounts_Test.Create_Deposit_Accounts_Test_Runner3(Create_Depsit_Accounts_Test.java:41)
at java.util.ArrayList.forEach(ArrayList.java:1259)
... Removed 27 stack frames]]>
    </failure>
  </testcase> <!-- Create_Deposit_Accounts_Test_Runner3 -->
</testsuite> <!-- Auomation Test -->
