<?xml version="1.0" encoding="UTF-8"?>
<!-- Generated by org.testng.reporters.JUnitXMLReporter -->
<testsuite hostname="Girishs-MacBook-Pro.local" ignored="0" name="Smoke Test" tests="2" failures="0" timestamp="2021-10-01T10:16:17 IST" time="13.302" errors="0">
  <testcase name="Login_Test_Runner" time="1.784" classname="Test_Runner.KB_Login_Test"/>
  <testcase name="Create_Deposit_Accounts_Test_Runner" time="1.922" classname="Test_Runner.Create_Depsit_Accounts_Test"/>
</testsuite> <!-- Smoke Test -->
